{"C:\\workspace\\#study\\zerocho\\node\\nodeBird-test\\app.js": {"path":"C:\\workspace\\#study\\zerocho\\node\\nodeBird-test\\app.js","statementMap":{"0":{"start":{"line":1,"column":16},"end":{"line":1,"column":34}},"1":{"start":{"line":2,"column":21},"end":{"line":2,"column":45}},"2":{"start":{"line":3,"column":15},"end":{"line":3,"column":32}},"3":{"start":{"line":4,"column":13},"end":{"line":4,"column":28}},"4":{"start":{"line":5,"column":16},"end":{"line":5,"column":42}},"5":{"start":{"line":6,"column":17},"end":{"line":6,"column":36}},"6":{"start":{"line":7,"column":15},"end":{"line":7,"column":32}},"7":{"start":{"line":8,"column":17},"end":{"line":8,"column":36}},"8":{"start":{"line":10,"column":0},"end":{"line":10,"column":16}},"9":{"start":{"line":11,"column":19},"end":{"line":11,"column":43}},"10":{"start":{"line":12,"column":19},"end":{"line":12,"column":43}},"11":{"start":{"line":13,"column":19},"end":{"line":13,"column":43}},"12":{"start":{"line":14,"column":19},"end":{"line":14,"column":43}},"13":{"start":{"line":15,"column":22},"end":{"line":15,"column":41}},"14":{"start":{"line":16,"column":23},"end":{"line":16,"column":44}},"15":{"start":{"line":18,"column":12},"end":{"line":18,"column":21}},"16":{"start":{"line":19,"column":0},"end":{"line":19,"column":42}},"17":{"start":{"line":20,"column":0},"end":{"line":20,"column":31}},"18":{"start":{"line":21,"column":0},"end":{"line":24,"column":3}},"19":{"start":{"line":25,"column":0},"end":{"line":30,"column":5}},"20":{"start":{"line":27,"column":4},"end":{"line":27,"column":31}},"21":{"start":{"line":29,"column":4},"end":{"line":29,"column":23}},"22":{"start":{"line":31,"column":0},"end":{"line":31,"column":17}},"23":{"start":{"line":33,"column":0},"end":{"line":33,"column":23}},"24":{"start":{"line":34,"column":0},"end":{"line":34,"column":56}},"25":{"start":{"line":35,"column":0},"end":{"line":35,"column":65}},"26":{"start":{"line":36,"column":0},"end":{"line":36,"column":24}},"27":{"start":{"line":37,"column":0},"end":{"line":37,"column":48}},"28":{"start":{"line":38,"column":0},"end":{"line":38,"column":49}},"29":{"start":{"line":39,"column":0},"end":{"line":47,"column":4}},"30":{"start":{"line":48,"column":0},"end":{"line":48,"column":31}},"31":{"start":{"line":49,"column":0},"end":{"line":49,"column":28}},"32":{"start":{"line":51,"column":0},"end":{"line":51,"column":25}},"33":{"start":{"line":52,"column":0},"end":{"line":52,"column":29}},"34":{"start":{"line":53,"column":0},"end":{"line":53,"column":29}},"35":{"start":{"line":54,"column":0},"end":{"line":54,"column":29}},"36":{"start":{"line":56,"column":0},"end":{"line":60,"column":3}},"37":{"start":{"line":57,"column":16},"end":{"line":57,"column":64}},"38":{"start":{"line":58,"column":2},"end":{"line":58,"column":21}},"39":{"start":{"line":59,"column":2},"end":{"line":59,"column":14}},"40":{"start":{"line":62,"column":0},"end":{"line":67,"column":2}},"41":{"start":{"line":63,"column":2},"end":{"line":63,"column":35}},"42":{"start":{"line":64,"column":2},"end":{"line":64,"column":70}},"43":{"start":{"line":65,"column":2},"end":{"line":65,"column":32}},"44":{"start":{"line":66,"column":2},"end":{"line":66,"column":22}},"45":{"start":{"line":69,"column":0},"end":{"line":69,"column":21}}},"fnMap":{"0":{"name":"(anonymous_0)","decl":{"start":{"line":26,"column":8},"end":{"line":26,"column":9}},"loc":{"start":{"line":26,"column":14},"end":{"line":28,"column":3}},"line":26},"1":{"name":"(anonymous_1)","decl":{"start":{"line":28,"column":11},"end":{"line":28,"column":12}},"loc":{"start":{"line":28,"column":20},"end":{"line":30,"column":3}},"line":28},"2":{"name":"(anonymous_2)","decl":{"start":{"line":56,"column":8},"end":{"line":56,"column":9}},"loc":{"start":{"line":56,"column":28},"end":{"line":60,"column":1}},"line":56},"3":{"name":"(anonymous_3)","decl":{"start":{"line":62,"column":8},"end":{"line":62,"column":9}},"loc":{"start":{"line":62,"column":33},"end":{"line":67,"column":1}},"line":62}},"branchMap":{"0":{"loc":{"start":{"line":19,"column":16},"end":{"line":19,"column":40}},"type":"binary-expr","locations":[{"start":{"line":19,"column":16},"end":{"line":19,"column":32}},{"start":{"line":19,"column":36},"end":{"line":19,"column":40}}],"line":19},"1":{"loc":{"start":{"line":64,"column":21},"end":{"line":64,"column":69}},"type":"cond-expr","locations":[{"start":{"line":64,"column":61},"end":{"line":64,"column":64}},{"start":{"line":64,"column":67},"end":{"line":64,"column":69}}],"line":64},"2":{"loc":{"start":{"line":65,"column":13},"end":{"line":65,"column":30}},"type":"binary-expr","locations":[{"start":{"line":65,"column":13},"end":{"line":65,"column":23}},{"start":{"line":65,"column":27},"end":{"line":65,"column":30}}],"line":65}},"s":{"0":1,"1":1,"2":1,"3":1,"4":1,"5":1,"6":1,"7":1,"8":1,"9":1,"10":1,"11":1,"12":1,"13":1,"14":1,"15":1,"16":1,"17":1,"18":1,"19":1,"20":1,"21":0,"22":1,"23":1,"24":1,"25":1,"26":1,"27":1,"28":1,"29":1,"30":1,"31":1,"32":1,"33":1,"34":1,"35":1,"36":1,"37":0,"38":0,"39":0,"40":1,"41":0,"42":0,"43":0,"44":0,"45":1},"f":{"0":1,"1":0,"2":0,"3":0},"b":{"0":[1,1],"1":[0,0],"2":[0,0]},"_coverageSchema":"1a1c01bbd47fc00a2c39e90264f33305004495a9","hash":"91a11e7192e602daf825d10d818c5e15927008a6"}
,"C:\\workspace\\#study\\zerocho\\node\\nodeBird-test\\controllers\\user.js": {"path":"C:\\workspace\\#study\\zerocho\\node\\nodeBird-test\\controllers\\user.js","statementMap":{"0":{"start":{"line":1,"column":13},"end":{"line":1,"column":38}},"1":{"start":{"line":3,"column":0},"end":{"line":16,"column":1}},"2":{"start":{"line":4,"column":2},"end":{"line":15,"column":3}},"3":{"start":{"line":5,"column":17},"end":{"line":5,"column":67}},"4":{"start":{"line":6,"column":4},"end":{"line":11,"column":5}},"5":{"start":{"line":7,"column":6},"end":{"line":7,"column":62}},"6":{"start":{"line":8,"column":6},"end":{"line":8,"column":26}},"7":{"start":{"line":10,"column":6},"end":{"line":10,"column":37}},"8":{"start":{"line":13,"column":4},"end":{"line":13,"column":25}},"9":{"start":{"line":14,"column":4},"end":{"line":14,"column":15}}},"fnMap":{"0":{"name":"(anonymous_0)","decl":{"start":{"line":3,"column":24},"end":{"line":3,"column":25}},"loc":{"start":{"line":3,"column":50},"end":{"line":16,"column":1}},"line":3}},"branchMap":{"0":{"loc":{"start":{"line":6,"column":4},"end":{"line":11,"column":5}},"type":"if","locations":[{"start":{"line":6,"column":4},"end":{"line":11,"column":5}},{"start":{"line":6,"column":4},"end":{"line":11,"column":5}}],"line":6}},"s":{"0":2,"1":2,"2":3,"3":3,"4":2,"5":1,"6":1,"7":1,"8":1,"9":1},"f":{"0":3},"b":{"0":[1,1]},"_coverageSchema":"1a1c01bbd47fc00a2c39e90264f33305004495a9","hash":"ee733da58e20a98c48e6400dec802542e8c36cb1"}
,"C:\\workspace\\#study\\zerocho\\node\\nodeBird-test\\models\\hashtag.js": {"path":"C:\\workspace\\#study\\zerocho\\node\\nodeBird-test\\models\\hashtag.js","statementMap":{"0":{"start":{"line":1,"column":18},"end":{"line":1,"column":38}},"1":{"start":{"line":3,"column":0},"end":{"line":26,"column":1}},"2":{"start":{"line":5,"column":4},"end":{"line":20,"column":7}},"3":{"start":{"line":24,"column":4},"end":{"line":24,"column":65}}},"fnMap":{"0":{"name":"(anonymous_0)","decl":{"start":{"line":4,"column":2},"end":{"line":4,"column":3}},"loc":{"start":{"line":4,"column":25},"end":{"line":21,"column":3}},"line":4},"1":{"name":"(anonymous_1)","decl":{"start":{"line":23,"column":2},"end":{"line":23,"column":3}},"loc":{"start":{"line":23,"column":23},"end":{"line":25,"column":3}},"line":23}},"branchMap":{},"s":{"0":1,"1":1,"2":1,"3":1},"f":{"0":1,"1":1},"b":{},"_coverageSchema":"1a1c01bbd47fc00a2c39e90264f33305004495a9","hash":"09ea5a968891b83403b04831db9fde962733161c"}
,"C:\\workspace\\#study\\zerocho\\node\\nodeBird-test\\models\\index.js": {"path":"C:\\workspace\\#study\\zerocho\\node\\nodeBird-test\\models\\index.js","statementMap":{"0":{"start":{"line":1,"column":18},"end":{"line":1,"column":38}},"1":{"start":{"line":2,"column":12},"end":{"line":2,"column":49}},"2":{"start":{"line":3,"column":15},"end":{"line":3,"column":47}},"3":{"start":{"line":5,"column":13},"end":{"line":5,"column":30}},"4":{"start":{"line":6,"column":13},"end":{"line":6,"column":30}},"5":{"start":{"line":7,"column":16},"end":{"line":7,"column":36}},"6":{"start":{"line":9,"column":11},"end":{"line":9,"column":13}},"7":{"start":{"line":10,"column":18},"end":{"line":12,"column":1}},"8":{"start":{"line":14,"column":0},"end":{"line":14,"column":25}},"9":{"start":{"line":15,"column":0},"end":{"line":15,"column":15}},"10":{"start":{"line":16,"column":0},"end":{"line":16,"column":15}},"11":{"start":{"line":17,"column":0},"end":{"line":17,"column":21}},"12":{"start":{"line":19,"column":0},"end":{"line":19,"column":21}},"13":{"start":{"line":20,"column":0},"end":{"line":20,"column":21}},"14":{"start":{"line":21,"column":0},"end":{"line":21,"column":24}},"15":{"start":{"line":23,"column":0},"end":{"line":23,"column":19}},"16":{"start":{"line":24,"column":0},"end":{"line":24,"column":19}},"17":{"start":{"line":25,"column":0},"end":{"line":25,"column":22}},"18":{"start":{"line":27,"column":0},"end":{"line":27,"column":20}}},"fnMap":{},"branchMap":{"0":{"loc":{"start":{"line":2,"column":12},"end":{"line":2,"column":49}},"type":"binary-expr","locations":[{"start":{"line":2,"column":12},"end":{"line":2,"column":32}},{"start":{"line":2,"column":36},"end":{"line":2,"column":49}}],"line":2}},"s":{"0":1,"1":1,"2":1,"3":1,"4":1,"5":1,"6":1,"7":1,"8":1,"9":1,"10":1,"11":1,"12":1,"13":1,"14":1,"15":1,"16":1,"17":1,"18":1},"f":{},"b":{"0":[1,0]},"_coverageSchema":"1a1c01bbd47fc00a2c39e90264f33305004495a9","hash":"ccb0aa16db4953fc11c3b75ccb323ac16b84c027"}
,"C:\\workspace\\#study\\zerocho\\node\\nodeBird-test\\models\\post.js": {"path":"C:\\workspace\\#study\\zerocho\\node\\nodeBird-test\\models\\post.js","statementMap":{"0":{"start":{"line":1,"column":18},"end":{"line":1,"column":38}},"1":{"start":{"line":3,"column":0},"end":{"line":29,"column":1}},"2":{"start":{"line":5,"column":4},"end":{"line":23,"column":6}},"3":{"start":{"line":26,"column":4},"end":{"line":26,"column":31}},"4":{"start":{"line":27,"column":4},"end":{"line":27,"column":65}}},"fnMap":{"0":{"name":"(anonymous_0)","decl":{"start":{"line":4,"column":2},"end":{"line":4,"column":3}},"loc":{"start":{"line":4,"column":25},"end":{"line":24,"column":3}},"line":4},"1":{"name":"(anonymous_1)","decl":{"start":{"line":25,"column":2},"end":{"line":25,"column":3}},"loc":{"start":{"line":25,"column":23},"end":{"line":28,"column":3}},"line":25}},"branchMap":{},"s":{"0":1,"1":1,"2":1,"3":1,"4":1},"f":{"0":1,"1":1},"b":{},"_coverageSchema":"1a1c01bbd47fc00a2c39e90264f33305004495a9","hash":"0de106cf4b590dd20cb58cc9d7cdbec984952827"}
,"C:\\workspace\\#study\\zerocho\\node\\nodeBird-test\\models\\user.js": {"path":"C:\\workspace\\#study\\zerocho\\node\\nodeBird-test\\models\\user.js","statementMap":{"0":{"start":{"line":1,"column":18},"end":{"line":1,"column":38}},"1":{"start":{"line":3,"column":0},"end":{"line":53,"column":1}},"2":{"start":{"line":5,"column":4},"end":{"line":37,"column":7}},"3":{"start":{"line":41,"column":4},"end":{"line":41,"column":29}},"4":{"start":{"line":42,"column":4},"end":{"line":46,"column":7}},"5":{"start":{"line":47,"column":4},"end":{"line":51,"column":6}}},"fnMap":{"0":{"name":"(anonymous_0)","decl":{"start":{"line":4,"column":2},"end":{"line":4,"column":3}},"loc":{"start":{"line":4,"column":25},"end":{"line":38,"column":3}},"line":4},"1":{"name":"(anonymous_1)","decl":{"start":{"line":40,"column":2},"end":{"line":40,"column":3}},"loc":{"start":{"line":40,"column":23},"end":{"line":52,"column":3}},"line":40}},"branchMap":{},"s":{"0":3,"1":3,"2":2,"3":2,"4":2,"5":2},"f":{"0":2,"1":2},"b":{},"_coverageSchema":"1a1c01bbd47fc00a2c39e90264f33305004495a9","hash":"e484721252ee530d77d0aba7abf89fdd9198b9a1"}
,"C:\\workspace\\#study\\zerocho\\node\\nodeBird-test\\passport\\index.js": {"path":"C:\\workspace\\#study\\zerocho\\node\\nodeBird-test\\passport\\index.js","statementMap":{"0":{"start":{"line":1,"column":17},"end":{"line":1,"column":36}},"1":{"start":{"line":2,"column":14},"end":{"line":2,"column":40}},"2":{"start":{"line":3,"column":14},"end":{"line":3,"column":40}},"3":{"start":{"line":4,"column":13},"end":{"line":4,"column":38}},"4":{"start":{"line":6,"column":0},"end":{"line":34,"column":1}},"5":{"start":{"line":7,"column":2},"end":{"line":9,"column":4}},"6":{"start":{"line":8,"column":4},"end":{"line":8,"column":23}},"7":{"start":{"line":15,"column":2},"end":{"line":30,"column":4}},"8":{"start":{"line":16,"column":4},"end":{"line":29,"column":31}},"9":{"start":{"line":28,"column":20},"end":{"line":28,"column":36}},"10":{"start":{"line":29,"column":20},"end":{"line":29,"column":29}},"11":{"start":{"line":32,"column":2},"end":{"line":32,"column":10}},"12":{"start":{"line":33,"column":2},"end":{"line":33,"column":10}}},"fnMap":{"0":{"name":"(anonymous_0)","decl":{"start":{"line":6,"column":17},"end":{"line":6,"column":18}},"loc":{"start":{"line":6,"column":23},"end":{"line":34,"column":1}},"line":6},"1":{"name":"(anonymous_1)","decl":{"start":{"line":7,"column":25},"end":{"line":7,"column":26}},"loc":{"start":{"line":7,"column":41},"end":{"line":9,"column":3}},"line":7},"2":{"name":"(anonymous_2)","decl":{"start":{"line":15,"column":27},"end":{"line":15,"column":28}},"loc":{"start":{"line":15,"column":41},"end":{"line":30,"column":3}},"line":15},"3":{"name":"(anonymous_3)","decl":{"start":{"line":28,"column":12},"end":{"line":28,"column":13}},"loc":{"start":{"line":28,"column":20},"end":{"line":28,"column":36}},"line":28},"4":{"name":"(anonymous_4)","decl":{"start":{"line":29,"column":13},"end":{"line":29,"column":14}},"loc":{"start":{"line":29,"column":20},"end":{"line":29,"column":29}},"line":29}},"branchMap":{},"s":{"0":1,"1":1,"2":1,"3":1,"4":1,"5":1,"6":3,"7":1,"8":3,"9":3,"10":0,"11":1,"12":1},"f":{"0":1,"1":3,"2":3,"3":3,"4":0},"b":{},"_coverageSchema":"1a1c01bbd47fc00a2c39e90264f33305004495a9","hash":"041e69f8ead0314bd590a6e76f6b4ac38ed42736"}
,"C:\\workspace\\#study\\zerocho\\node\\nodeBird-test\\passport\\kakaoStrategy.js": {"path":"C:\\workspace\\#study\\zerocho\\node\\nodeBird-test\\passport\\kakaoStrategy.js","statementMap":{"0":{"start":{"line":1,"column":17},"end":{"line":1,"column":36}},"1":{"start":{"line":2,"column":22},"end":{"line":2,"column":56}},"2":{"start":{"line":4,"column":13},"end":{"line":4,"column":38}},"3":{"start":{"line":6,"column":0},"end":{"line":32,"column":1}},"4":{"start":{"line":7,"column":2},"end":{"line":31,"column":5}},"5":{"start":{"line":11,"column":4},"end":{"line":11,"column":42}},"6":{"start":{"line":12,"column":4},"end":{"line":30,"column":5}},"7":{"start":{"line":13,"column":21},"end":{"line":15,"column":8}},"8":{"start":{"line":16,"column":6},"end":{"line":26,"column":7}},"9":{"start":{"line":17,"column":8},"end":{"line":17,"column":26}},"10":{"start":{"line":19,"column":24},"end":{"line":24,"column":10}},"11":{"start":{"line":25,"column":8},"end":{"line":25,"column":27}},"12":{"start":{"line":28,"column":6},"end":{"line":28,"column":27}},"13":{"start":{"line":29,"column":6},"end":{"line":29,"column":17}}},"fnMap":{"0":{"name":"(anonymous_0)","decl":{"start":{"line":6,"column":17},"end":{"line":6,"column":18}},"loc":{"start":{"line":6,"column":23},"end":{"line":32,"column":1}},"line":6},"1":{"name":"(anonymous_1)","decl":{"start":{"line":10,"column":5},"end":{"line":10,"column":6}},"loc":{"start":{"line":10,"column":57},"end":{"line":31,"column":3}},"line":10}},"branchMap":{"0":{"loc":{"start":{"line":16,"column":6},"end":{"line":26,"column":7}},"type":"if","locations":[{"start":{"line":16,"column":6},"end":{"line":26,"column":7}},{"start":{"line":16,"column":6},"end":{"line":26,"column":7}}],"line":16},"1":{"loc":{"start":{"line":20,"column":17},"end":{"line":20,"column":67}},"type":"binary-expr","locations":[{"start":{"line":20,"column":17},"end":{"line":20,"column":30}},{"start":{"line":20,"column":34},"end":{"line":20,"column":67}}],"line":20}},"s":{"0":1,"1":1,"2":1,"3":1,"4":1,"5":0,"6":0,"7":0,"8":0,"9":0,"10":0,"11":0,"12":0,"13":0},"f":{"0":1,"1":0},"b":{"0":[0,0],"1":[0,0]},"_coverageSchema":"1a1c01bbd47fc00a2c39e90264f33305004495a9","hash":"a18938945c813dc3d70d8482bfe420f666360c2e"}
,"C:\\workspace\\#study\\zerocho\\node\\nodeBird-test\\passport\\localStrategy.js": {"path":"C:\\workspace\\#study\\zerocho\\node\\nodeBird-test\\passport\\localStrategy.js","statementMap":{"0":{"start":{"line":1,"column":17},"end":{"line":1,"column":36}},"1":{"start":{"line":2,"column":22},"end":{"line":2,"column":56}},"2":{"start":{"line":3,"column":15},"end":{"line":3,"column":32}},"3":{"start":{"line":5,"column":13},"end":{"line":5,"column":38}},"4":{"start":{"line":7,"column":0},"end":{"line":31,"column":1}},"5":{"start":{"line":8,"column":2},"end":{"line":30,"column":5}},"6":{"start":{"line":12,"column":4},"end":{"line":29,"column":5}},"7":{"start":{"line":13,"column":21},"end":{"line":13,"column":61}},"8":{"start":{"line":14,"column":6},"end":{"line":24,"column":7}},"9":{"start":{"line":15,"column":23},"end":{"line":15,"column":70}},"10":{"start":{"line":16,"column":8},"end":{"line":20,"column":9}},"11":{"start":{"line":17,"column":10},"end":{"line":17,"column":29}},"12":{"start":{"line":19,"column":10},"end":{"line":19,"column":61}},"13":{"start":{"line":22,"column":8},"end":{"line":22,"column":56}},"14":{"start":{"line":27,"column":6},"end":{"line":27,"column":27}},"15":{"start":{"line":28,"column":6},"end":{"line":28,"column":17}}},"fnMap":{"0":{"name":"(anonymous_0)","decl":{"start":{"line":7,"column":17},"end":{"line":7,"column":18}},"loc":{"start":{"line":7,"column":23},"end":{"line":31,"column":1}},"line":7},"1":{"name":"(anonymous_1)","decl":{"start":{"line":11,"column":5},"end":{"line":11,"column":6}},"loc":{"start":{"line":11,"column":38},"end":{"line":30,"column":3}},"line":11}},"branchMap":{"0":{"loc":{"start":{"line":14,"column":6},"end":{"line":24,"column":7}},"type":"if","locations":[{"start":{"line":14,"column":6},"end":{"line":24,"column":7}},{"start":{"line":14,"column":6},"end":{"line":24,"column":7}}],"line":14},"1":{"loc":{"start":{"line":16,"column":8},"end":{"line":20,"column":9}},"type":"if","locations":[{"start":{"line":16,"column":8},"end":{"line":20,"column":9}},{"start":{"line":16,"column":8},"end":{"line":20,"column":9}}],"line":16}},"s":{"0":1,"1":1,"2":1,"3":1,"4":1,"5":1,"6":5,"7":5,"8":5,"9":4,"10":4,"11":3,"12":1,"13":1,"14":0,"15":0},"f":{"0":1,"1":5},"b":{"0":[4,1],"1":[3,1]},"_coverageSchema":"1a1c01bbd47fc00a2c39e90264f33305004495a9","hash":"841dce0075f66ff04b7b042c54b359e32162e47e"}
,"C:\\workspace\\#study\\zerocho\\node\\nodeBird-test\\routes\\auth.js": {"path":"C:\\workspace\\#study\\zerocho\\node\\nodeBird-test\\routes\\auth.js","statementMap":{"0":{"start":{"line":1,"column":16},"end":{"line":1,"column":34}},"1":{"start":{"line":2,"column":17},"end":{"line":2,"column":36}},"2":{"start":{"line":3,"column":15},"end":{"line":3,"column":32}},"3":{"start":{"line":4,"column":38},"end":{"line":4,"column":62}},"4":{"start":{"line":5,"column":13},"end":{"line":5,"column":38}},"5":{"start":{"line":7,"column":15},"end":{"line":7,"column":31}},"6":{"start":{"line":9,"column":0},"end":{"line":26,"column":2}},"7":{"start":{"line":10,"column":36},"end":{"line":10,"column":44}},"8":{"start":{"line":12,"column":2},"end":{"line":25,"column":3}},"9":{"start":{"line":13,"column":19},"end":{"line":13,"column":59}},"10":{"start":{"line":14,"column":4},"end":{"line":16,"column":5}},"11":{"start":{"line":15,"column":6},"end":{"line":15,"column":47}},"12":{"start":{"line":17,"column":17},"end":{"line":17,"column":48}},"13":{"start":{"line":18,"column":4},"end":{"line":20,"column":7}},"14":{"start":{"line":21,"column":4},"end":{"line":21,"column":29}},"15":{"start":{"line":23,"column":4},"end":{"line":23,"column":23}},"16":{"start":{"line":24,"column":4},"end":{"line":24,"column":13}},"17":{"start":{"line":34,"column":0},"end":{"line":52,"column":3}},"18":{"start":{"line":35,"column":2},"end":{"line":51,"column":21}},"19":{"start":{"line":36,"column":4},"end":{"line":39,"column":5}},"20":{"start":{"line":37,"column":6},"end":{"line":37,"column":31}},"21":{"start":{"line":38,"column":6},"end":{"line":38,"column":28}},"22":{"start":{"line":40,"column":4},"end":{"line":42,"column":5}},"23":{"start":{"line":41,"column":6},"end":{"line":41,"column":58}},"24":{"start":{"line":43,"column":4},"end":{"line":50,"column":7}},"25":{"start":{"line":44,"column":6},"end":{"line":47,"column":7}},"26":{"start":{"line":45,"column":8},"end":{"line":45,"column":33}},"27":{"start":{"line":46,"column":8},"end":{"line":46,"column":31}},"28":{"start":{"line":48,"column":6},"end":{"line":48,"column":31}},"29":{"start":{"line":54,"column":0},"end":{"line":58,"column":2}},"30":{"start":{"line":55,"column":2},"end":{"line":55,"column":15}},"31":{"start":{"line":56,"column":2},"end":{"line":56,"column":24}},"32":{"start":{"line":57,"column":2},"end":{"line":57,"column":20}},"33":{"start":{"line":60,"column":0},"end":{"line":60,"column":53}},"34":{"start":{"line":62,"column":0},"end":{"line":66,"column":2}},"35":{"start":{"line":65,"column":2},"end":{"line":65,"column":20}},"36":{"start":{"line":68,"column":0},"end":{"line":68,"column":24}}},"fnMap":{"0":{"name":"(anonymous_0)","decl":{"start":{"line":9,"column":36},"end":{"line":9,"column":37}},"loc":{"start":{"line":9,"column":62},"end":{"line":26,"column":1}},"line":9},"1":{"name":"(anonymous_1)","decl":{"start":{"line":34,"column":37},"end":{"line":34,"column":38}},"loc":{"start":{"line":34,"column":57},"end":{"line":52,"column":1}},"line":34},"2":{"name":"(anonymous_2)","decl":{"start":{"line":35,"column":33},"end":{"line":35,"column":34}},"loc":{"start":{"line":35,"column":60},"end":{"line":51,"column":3}},"line":35},"3":{"name":"(anonymous_3)","decl":{"start":{"line":43,"column":27},"end":{"line":43,"column":28}},"loc":{"start":{"line":43,"column":43},"end":{"line":50,"column":5}},"line":43},"4":{"name":"(anonymous_4)","decl":{"start":{"line":54,"column":34},"end":{"line":54,"column":35}},"loc":{"start":{"line":54,"column":48},"end":{"line":58,"column":1}},"line":54},"5":{"name":"(anonymous_5)","decl":{"start":{"line":64,"column":4},"end":{"line":64,"column":5}},"loc":{"start":{"line":64,"column":18},"end":{"line":66,"column":1}},"line":64}},"branchMap":{"0":{"loc":{"start":{"line":14,"column":4},"end":{"line":16,"column":5}},"type":"if","locations":[{"start":{"line":14,"column":4},"end":{"line":16,"column":5}},{"start":{"line":14,"column":4},"end":{"line":16,"column":5}}],"line":14},"1":{"loc":{"start":{"line":36,"column":4},"end":{"line":39,"column":5}},"type":"if","locations":[{"start":{"line":36,"column":4},"end":{"line":39,"column":5}},{"start":{"line":36,"column":4},"end":{"line":39,"column":5}}],"line":36},"2":{"loc":{"start":{"line":40,"column":4},"end":{"line":42,"column":5}},"type":"if","locations":[{"start":{"line":40,"column":4},"end":{"line":42,"column":5}},{"start":{"line":40,"column":4},"end":{"line":42,"column":5}}],"line":40},"3":{"loc":{"start":{"line":44,"column":6},"end":{"line":47,"column":7}},"type":"if","locations":[{"start":{"line":44,"column":6},"end":{"line":47,"column":7}},{"start":{"line":44,"column":6},"end":{"line":47,"column":7}}],"line":44}},"s":{"0":1,"1":1,"2":1,"3":1,"4":1,"5":1,"6":1,"7":1,"8":1,"9":1,"10":1,"11":0,"12":1,"13":1,"14":1,"15":0,"16":0,"17":1,"18":5,"19":5,"20":0,"21":0,"22":5,"23":2,"24":3,"25":3,"26":0,"27":0,"28":3,"29":1,"30":1,"31":1,"32":1,"33":1,"34":1,"35":0,"36":1},"f":{"0":1,"1":5,"2":5,"3":3,"4":1,"5":0},"b":{"0":[0,1],"1":[0,5],"2":[2,3],"3":[0,3]},"_coverageSchema":"1a1c01bbd47fc00a2c39e90264f33305004495a9","hash":"46d0279fe68981c1db7b305d46d33f180865c525"}
,"C:\\workspace\\#study\\zerocho\\node\\nodeBird-test\\routes\\middlewares.js": {"path":"C:\\workspace\\#study\\zerocho\\node\\nodeBird-test\\routes\\middlewares.js","statementMap":{"0":{"start":{"line":1,"column":0},"end":{"line":7,"column":1}},"1":{"start":{"line":2,"column":2},"end":{"line":6,"column":3}},"2":{"start":{"line":3,"column":4},"end":{"line":3,"column":11}},"3":{"start":{"line":5,"column":4},"end":{"line":5,"column":34}},"4":{"start":{"line":9,"column":0},"end":{"line":16,"column":1}},"5":{"start":{"line":10,"column":2},"end":{"line":15,"column":3}},"6":{"start":{"line":11,"column":4},"end":{"line":11,"column":11}},"7":{"start":{"line":13,"column":20},"end":{"line":13,"column":53}},"8":{"start":{"line":14,"column":4},"end":{"line":14,"column":38}}},"fnMap":{"0":{"name":"(anonymous_0)","decl":{"start":{"line":1,"column":21},"end":{"line":1,"column":22}},"loc":{"start":{"line":1,"column":41},"end":{"line":7,"column":1}},"line":1},"1":{"name":"(anonymous_1)","decl":{"start":{"line":9,"column":24},"end":{"line":9,"column":25}},"loc":{"start":{"line":9,"column":44},"end":{"line":16,"column":1}},"line":9}},"branchMap":{"0":{"loc":{"start":{"line":2,"column":2},"end":{"line":6,"column":3}},"type":"if","locations":[{"start":{"line":2,"column":2},"end":{"line":6,"column":3}},{"start":{"line":2,"column":2},"end":{"line":6,"column":3}}],"line":2},"1":{"loc":{"start":{"line":10,"column":2},"end":{"line":15,"column":3}},"type":"if","locations":[{"start":{"line":10,"column":2},"end":{"line":15,"column":3}},{"start":{"line":10,"column":2},"end":{"line":15,"column":3}}],"line":10}},"s":{"0":2,"1":4,"2":2,"3":2,"4":2,"5":10,"6":7,"7":3,"8":3},"f":{"0":4,"1":10},"b":{"0":[2,2],"1":[7,3]},"_coverageSchema":"1a1c01bbd47fc00a2c39e90264f33305004495a9","hash":"c67ec7eeaae4e1eaa0e4388e9b8527f1d81eff4e"}
,"C:\\workspace\\#study\\zerocho\\node\\nodeBird-test\\routes\\page.js": {"path":"C:\\workspace\\#study\\zerocho\\node\\nodeBird-test\\routes\\page.js","statementMap":{"0":{"start":{"line":1,"column":16},"end":{"line":1,"column":34}},"1":{"start":{"line":2,"column":15},"end":{"line":2,"column":31}},"2":{"start":{"line":4,"column":32},"end":{"line":4,"column":52}},"3":{"start":{"line":7,"column":0},"end":{"line":13,"column":2}},"4":{"start":{"line":8,"column":2},"end":{"line":8,"column":29}},"5":{"start":{"line":9,"column":2},"end":{"line":9,"column":70}},"6":{"start":{"line":10,"column":2},"end":{"line":10,"column":72}},"7":{"start":{"line":11,"column":2},"end":{"line":11,"column":81}},"8":{"start":{"line":11,"column":70},"end":{"line":11,"column":74}},"9":{"start":{"line":12,"column":2},"end":{"line":12,"column":9}},"10":{"start":{"line":15,"column":0},"end":{"line":17,"column":2}},"11":{"start":{"line":16,"column":2},"end":{"line":16,"column":54}},"12":{"start":{"line":19,"column":0},"end":{"line":21,"column":2}},"13":{"start":{"line":20,"column":2},"end":{"line":20,"column":51}},"14":{"start":{"line":23,"column":0},"end":{"line":44,"column":2}},"15":{"start":{"line":24,"column":2},"end":{"line":43,"column":3}},"16":{"start":{"line":25,"column":18},"end":{"line":34,"column":6}},"17":{"start":{"line":35,"column":4},"end":{"line":38,"column":7}},"18":{"start":{"line":41,"column":4},"end":{"line":41,"column":22}},"19":{"start":{"line":42,"column":4},"end":{"line":42,"column":15}},"20":{"start":{"line":47,"column":0},"end":{"line":71,"column":2}},"21":{"start":{"line":48,"column":16},"end":{"line":48,"column":53}},"22":{"start":{"line":49,"column":2},"end":{"line":51,"column":3}},"23":{"start":{"line":50,"column":4},"end":{"line":50,"column":28}},"24":{"start":{"line":53,"column":2},"end":{"line":70,"column":3}},"25":{"start":{"line":54,"column":20},"end":{"line":56,"column":6}},"26":{"start":{"line":57,"column":16},"end":{"line":57,"column":18}},"27":{"start":{"line":58,"column":4},"end":{"line":60,"column":5}},"28":{"start":{"line":59,"column":6},"end":{"line":59,"column":97}},"29":{"start":{"line":62,"column":4},"end":{"line":66,"column":7}},"30":{"start":{"line":68,"column":4},"end":{"line":68,"column":25}},"31":{"start":{"line":69,"column":4},"end":{"line":69,"column":15}},"32":{"start":{"line":73,"column":0},"end":{"line":73,"column":23}}},"fnMap":{"0":{"name":"(anonymous_0)","decl":{"start":{"line":7,"column":11},"end":{"line":7,"column":12}},"loc":{"start":{"line":7,"column":31},"end":{"line":13,"column":1}},"line":7},"1":{"name":"(anonymous_1)","decl":{"start":{"line":11,"column":65},"end":{"line":11,"column":66}},"loc":{"start":{"line":11,"column":70},"end":{"line":11,"column":74}},"line":11},"2":{"name":"(anonymous_2)","decl":{"start":{"line":15,"column":23},"end":{"line":15,"column":24}},"loc":{"start":{"line":15,"column":37},"end":{"line":17,"column":1}},"line":15},"3":{"name":"(anonymous_3)","decl":{"start":{"line":19,"column":20},"end":{"line":19,"column":21}},"loc":{"start":{"line":19,"column":34},"end":{"line":21,"column":1}},"line":19},"4":{"name":"(anonymous_4)","decl":{"start":{"line":23,"column":16},"end":{"line":23,"column":17}},"loc":{"start":{"line":23,"column":42},"end":{"line":44,"column":1}},"line":23},"5":{"name":"(anonymous_5)","decl":{"start":{"line":47,"column":23},"end":{"line":47,"column":24}},"loc":{"start":{"line":47,"column":49},"end":{"line":71,"column":1}},"line":47}},"branchMap":{"0":{"loc":{"start":{"line":9,"column":29},"end":{"line":9,"column":69}},"type":"cond-expr","locations":[{"start":{"line":9,"column":40},"end":{"line":9,"column":65}},{"start":{"line":9,"column":68},"end":{"line":9,"column":69}}],"line":9},"1":{"loc":{"start":{"line":10,"column":30},"end":{"line":10,"column":71}},"type":"cond-expr","locations":[{"start":{"line":10,"column":41},"end":{"line":10,"column":67}},{"start":{"line":10,"column":70},"end":{"line":10,"column":71}}],"line":10},"2":{"loc":{"start":{"line":11,"column":30},"end":{"line":11,"column":80}},"type":"cond-expr","locations":[{"start":{"line":11,"column":41},"end":{"line":11,"column":75}},{"start":{"line":11,"column":78},"end":{"line":11,"column":80}}],"line":11},"3":{"loc":{"start":{"line":49,"column":2},"end":{"line":51,"column":3}},"type":"if","locations":[{"start":{"line":49,"column":2},"end":{"line":51,"column":3}},{"start":{"line":49,"column":2},"end":{"line":51,"column":3}}],"line":49},"4":{"loc":{"start":{"line":58,"column":4},"end":{"line":60,"column":5}},"type":"if","locations":[{"start":{"line":58,"column":4},"end":{"line":60,"column":5}},{"start":{"line":58,"column":4},"end":{"line":60,"column":5}}],"line":58}},"s":{"0":1,"1":1,"2":1,"3":1,"4":10,"5":10,"6":10,"7":10,"8":0,"9":10,"10":1,"11":0,"12":1,"13":0,"14":1,"15":0,"16":0,"17":0,"18":0,"19":0,"20":1,"21":0,"22":0,"23":0,"24":0,"25":0,"26":0,"27":0,"28":0,"29":0,"30":0,"31":0,"32":1},"f":{"0":10,"1":0,"2":0,"3":0,"4":0,"5":0},"b":{"0":[3,7],"1":[3,7],"2":[3,7],"3":[0,0],"4":[0,0]},"_coverageSchema":"1a1c01bbd47fc00a2c39e90264f33305004495a9","hash":"423d3dc20df16f724407f8a1757653f8bf61587c"}
,"C:\\workspace\\#study\\zerocho\\node\\nodeBird-test\\routes\\post.js": {"path":"C:\\workspace\\#study\\zerocho\\node\\nodeBird-test\\routes\\post.js","statementMap":{"0":{"start":{"line":1,"column":16},"end":{"line":1,"column":34}},"1":{"start":{"line":2,"column":15},"end":{"line":2,"column":32}},"2":{"start":{"line":3,"column":13},"end":{"line":3,"column":28}},"3":{"start":{"line":4,"column":11},"end":{"line":4,"column":24}},"4":{"start":{"line":6,"column":26},"end":{"line":6,"column":46}},"5":{"start":{"line":7,"column":23},"end":{"line":7,"column":47}},"6":{"start":{"line":9,"column":15},"end":{"line":9,"column":31}},"7":{"start":{"line":11,"column":0},"end":{"line":16,"column":1}},"8":{"start":{"line":12,"column":2},"end":{"line":12,"column":28}},"9":{"start":{"line":14,"column":2},"end":{"line":14,"column":50}},"10":{"start":{"line":15,"column":2},"end":{"line":15,"column":25}},"11":{"start":{"line":18,"column":15},"end":{"line":29,"column":2}},"12":{"start":{"line":21,"column":6},"end":{"line":21,"column":26}},"13":{"start":{"line":24,"column":18},"end":{"line":24,"column":49}},"14":{"start":{"line":25,"column":6},"end":{"line":25,"column":73}},"15":{"start":{"line":31,"column":0},"end":{"line":34,"column":2}},"16":{"start":{"line":32,"column":2},"end":{"line":32,"column":24}},"17":{"start":{"line":33,"column":2},"end":{"line":33,"column":48}},"18":{"start":{"line":36,"column":0},"end":{"line":67,"column":2}},"19":{"start":{"line":37,"column":2},"end":{"line":66,"column":3}},"20":{"start":{"line":38,"column":17},"end":{"line":42,"column":6}},"21":{"start":{"line":44,"column":21},"end":{"line":44,"column":56}},"22":{"start":{"line":49,"column":4},"end":{"line":59,"column":5}},"23":{"start":{"line":50,"column":21},"end":{"line":56,"column":7}},"24":{"start":{"line":52,"column":10},"end":{"line":54,"column":12}},"25":{"start":{"line":57,"column":6},"end":{"line":57,"column":25}},"26":{"start":{"line":58,"column":6},"end":{"line":58,"column":51}},"27":{"start":{"line":58,"column":45},"end":{"line":58,"column":49}},"28":{"start":{"line":62,"column":4},"end":{"line":62,"column":22}},"29":{"start":{"line":64,"column":4},"end":{"line":64,"column":25}},"30":{"start":{"line":65,"column":4},"end":{"line":65,"column":15}},"31":{"start":{"line":70,"column":0},"end":{"line":70,"column":23}}},"fnMap":{"0":{"name":"(anonymous_0)","decl":{"start":{"line":20,"column":4},"end":{"line":20,"column":5}},"loc":{"start":{"line":20,"column":31},"end":{"line":22,"column":5}},"line":20},"1":{"name":"(anonymous_1)","decl":{"start":{"line":23,"column":4},"end":{"line":23,"column":5}},"loc":{"start":{"line":23,"column":28},"end":{"line":26,"column":5}},"line":23},"2":{"name":"(anonymous_2)","decl":{"start":{"line":31,"column":54},"end":{"line":31,"column":55}},"loc":{"start":{"line":31,"column":68},"end":{"line":34,"column":1}},"line":31},"3":{"name":"(anonymous_3)","decl":{"start":{"line":36,"column":44},"end":{"line":36,"column":45}},"loc":{"start":{"line":36,"column":70},"end":{"line":67,"column":1}},"line":36},"4":{"name":"(anonymous_4)","decl":{"start":{"line":51,"column":21},"end":{"line":51,"column":22}},"loc":{"start":{"line":51,"column":28},"end":{"line":55,"column":9}},"line":51},"5":{"name":"(anonymous_5)","decl":{"start":{"line":58,"column":40},"end":{"line":58,"column":41}},"loc":{"start":{"line":58,"column":45},"end":{"line":58,"column":49}},"line":58}},"branchMap":{"0":{"loc":{"start":{"line":49,"column":4},"end":{"line":59,"column":5}},"type":"if","locations":[{"start":{"line":49,"column":4},"end":{"line":59,"column":5}},{"start":{"line":49,"column":4},"end":{"line":59,"column":5}}],"line":49}},"s":{"0":1,"1":1,"2":1,"3":1,"4":1,"5":1,"6":1,"7":1,"8":1,"9":0,"10":0,"11":1,"12":0,"13":0,"14":0,"15":1,"16":0,"17":0,"18":1,"19":0,"20":0,"21":0,"22":0,"23":0,"24":0,"25":0,"26":0,"27":0,"28":0,"29":0,"30":0,"31":1},"f":{"0":0,"1":0,"2":0,"3":0,"4":0,"5":0},"b":{"0":[0,0]},"_coverageSchema":"1a1c01bbd47fc00a2c39e90264f33305004495a9","hash":"f27a3786427c2e5893a0b61b27d266985921feef"}
,"C:\\workspace\\#study\\zerocho\\node\\nodeBird-test\\routes\\user.js": {"path":"C:\\workspace\\#study\\zerocho\\node\\nodeBird-test\\routes\\user.js","statementMap":{"0":{"start":{"line":1,"column":16},"end":{"line":1,"column":34}},"1":{"start":{"line":2,"column":26},"end":{"line":2,"column":56}},"2":{"start":{"line":3,"column":23},"end":{"line":3,"column":47}},"3":{"start":{"line":4,"column":15},"end":{"line":4,"column":31}},"4":{"start":{"line":7,"column":0},"end":{"line":7,"column":53}},"5":{"start":{"line":9,"column":0},"end":{"line":9,"column":23}}},"fnMap":{},"branchMap":{},"s":{"0":1,"1":1,"2":1,"3":1,"4":1,"5":1},"f":{},"b":{},"_coverageSchema":"1a1c01bbd47fc00a2c39e90264f33305004495a9","hash":"3ff35b311ca77ad2c459ece73acc21c52612028a"}
}
